{"C:\\Users\\Roble\\Desktop\\3rd Year College\\softwareEngineering\\typescript\\src\\BST.ts": {"path":"C:\\Users\\Roble\\Desktop\\3rd Year College\\softwareEngineering\\typescript\\src\\BST.ts","statementMap":{"0":{"start":{"line":1,"column":0},"end":{"line":1,"column":30}},"1":{"start":{"line":20,"column":0},"end":{"line":370,"column":0}},"2":{"start":{"line":61,"column":8},"end":{"line":61,"column":25}},"3":{"start":{"line":62,"column":8},"end":{"line":62,"column":62}},"4":{"start":{"line":63,"column":8},"end":{"line":63,"column":27}},"5":{"start":{"line":71,"column":4},"end":{"line":81,"column":5}},"6":{"start":{"line":72,"column":8},"end":{"line":74,"column":9}},"7":{"start":{"line":73,"column":12},"end":{"line":73,"column":25}},"8":{"start":{"line":76,"column":8},"end":{"line":79,"column":9}},"9":{"start":{"line":77,"column":12},"end":{"line":77,"column":29}},"10":{"start":{"line":78,"column":12},"end":{"line":78,"column":24}},"11":{"start":{"line":80,"column":8},"end":{"line":80,"column":21}},"12":{"start":{"line":86,"column":4},"end":{"line":89,"column":5}},"13":{"start":{"line":87,"column":8},"end":{"line":87,"column":25}},"14":{"start":{"line":88,"column":8},"end":{"line":88,"column":27}},"15":{"start":{"line":95,"column":4},"end":{"line":97,"column":5}},"16":{"start":{"line":96,"column":8},"end":{"line":96,"column":36}},"17":{"start":{"line":103,"column":4},"end":{"line":105,"column":5}},"18":{"start":{"line":104,"column":8},"end":{"line":104,"column":30}},"19":{"start":{"line":113,"column":4},"end":{"line":118,"column":5}},"20":{"start":{"line":114,"column":8},"end":{"line":116,"column":9}},"21":{"start":{"line":115,"column":12},"end":{"line":115,"column":25}},"22":{"start":{"line":117,"column":8},"end":{"line":117,"column":60}},"23":{"start":{"line":125,"column":4},"end":{"line":131,"column":5}},"24":{"start":{"line":126,"column":20},"end":{"line":126,"column":55}},"25":{"start":{"line":127,"column":8},"end":{"line":129,"column":9}},"26":{"start":{"line":128,"column":12},"end":{"line":128,"column":29}},"27":{"start":{"line":130,"column":8},"end":{"line":130,"column":27}},"28":{"start":{"line":137,"column":4},"end":{"line":145,"column":5}},"29":{"start":{"line":138,"column":21},"end":{"line":138,"column":56}},"30":{"start":{"line":139,"column":8},"end":{"line":141,"column":9}},"31":{"start":{"line":140,"column":12},"end":{"line":140,"column":25}},"32":{"start":{"line":142,"column":8},"end":{"line":142,"column":30}},"33":{"start":{"line":143,"column":8},"end":{"line":143,"column":25}},"34":{"start":{"line":144,"column":8},"end":{"line":144,"column":20}},"35":{"start":{"line":155,"column":4},"end":{"line":178,"column":5}},"36":{"start":{"line":158,"column":8},"end":{"line":159,"column":25}},"37":{"start":{"line":159,"column":12},"end":{"line":159,"column":25}},"38":{"start":{"line":164,"column":8},"end":{"line":164,"column":32}},"39":{"start":{"line":167,"column":8},"end":{"line":168,"column":24}},"40":{"start":{"line":168,"column":12},"end":{"line":168,"column":24}},"41":{"start":{"line":170,"column":8},"end":{"line":172,"column":24}},"42":{"start":{"line":172,"column":12},"end":{"line":172,"column":24}},"43":{"start":{"line":176,"column":8},"end":{"line":176,"column":19}},"44":{"start":{"line":177,"column":8},"end":{"line":177,"column":21}},"45":{"start":{"line":186,"column":4},"end":{"line":206,"column":5}},"46":{"start":{"line":187,"column":8},"end":{"line":188,"column":29}},"47":{"start":{"line":188,"column":12},"end":{"line":188,"column":29}},"48":{"start":{"line":191,"column":20},"end":{"line":191,"column":22}},"49":{"start":{"line":192,"column":20},"end":{"line":192,"column":22}},"50":{"start":{"line":195,"column":8},"end":{"line":197,"column":29}},"51":{"start":{"line":197,"column":12},"end":{"line":197,"column":29}},"52":{"start":{"line":199,"column":20},"end":{"line":199,"column":21}},"53":{"start":{"line":200,"column":8},"end":{"line":204,"column":9}},"54":{"start":{"line":201,"column":12},"end":{"line":202,"column":22}},"55":{"start":{"line":202,"column":16},"end":{"line":202,"column":22}},"56":{"start":{"line":203,"column":12},"end":{"line":203,"column":20}},"57":{"start":{"line":205,"column":8},"end":{"line":205,"column":30}},"58":{"start":{"line":213,"column":4},"end":{"line":218,"column":5}},"59":{"start":{"line":214,"column":8},"end":{"line":216,"column":9}},"60":{"start":{"line":215,"column":12},"end":{"line":215,"column":29}},"61":{"start":{"line":217,"column":8},"end":{"line":217,"column":50}},"62":{"start":{"line":225,"column":4},"end":{"line":230,"column":5}},"63":{"start":{"line":226,"column":8},"end":{"line":228,"column":9}},"64":{"start":{"line":227,"column":12},"end":{"line":227,"column":29}},"65":{"start":{"line":229,"column":8},"end":{"line":229,"column":50}},"66":{"start":{"line":236,"column":4},"end":{"line":238,"column":5}},"67":{"start":{"line":237,"column":8},"end":{"line":237,"column":41}},"68":{"start":{"line":243,"column":12},"end":{"line":254,"column":5}},"69":{"start":{"line":244,"column":26},"end":{"line":244,"column":27}},"70":{"start":{"line":245,"column":8},"end":{"line":252,"column":9}},"71":{"start":{"line":246,"column":12},"end":{"line":246,"column":54}},"72":{"start":{"line":247,"column":12},"end":{"line":251,"column":13}},"73":{"start":{"line":248,"column":16},"end":{"line":248,"column":35}},"74":{"start":{"line":249,"column":19},"end":{"line":251,"column":13}},"75":{"start":{"line":250,"column":16},"end":{"line":250,"column":36}},"76":{"start":{"line":253,"column":8},"end":{"line":253,"column":20}},"77":{"start":{"line":259,"column":12},"end":{"line":270,"column":5}},"78":{"start":{"line":260,"column":8},"end":{"line":266,"column":9}},"79":{"start":{"line":261,"column":12},"end":{"line":261,"column":27}},"80":{"start":{"line":262,"column":15},"end":{"line":266,"column":9}},"81":{"start":{"line":263,"column":12},"end":{"line":263,"column":34}},"82":{"start":{"line":265,"column":12},"end":{"line":265,"column":35}},"83":{"start":{"line":267,"column":8},"end":{"line":269,"column":9}},"84":{"start":{"line":268,"column":12},"end":{"line":268,"column":34}},"85":{"start":{"line":275,"column":12},"end":{"line":291,"column":5}},"86":{"start":{"line":276,"column":8},"end":{"line":290,"column":9}},"87":{"start":{"line":277,"column":12},"end":{"line":277,"column":48}},"88":{"start":{"line":278,"column":15},"end":{"line":290,"column":9}},"89":{"start":{"line":279,"column":12},"end":{"line":279,"column":47}},"90":{"start":{"line":281,"column":22},"end":{"line":281,"column":51}},"91":{"start":{"line":282,"column":12},"end":{"line":286,"column":13}},"92":{"start":{"line":283,"column":16},"end":{"line":283,"column":46}},"93":{"start":{"line":284,"column":16},"end":{"line":284,"column":41}},"94":{"start":{"line":285,"column":16},"end":{"line":285,"column":37}},"95":{"start":{"line":287,"column":12},"end":{"line":287,"column":37}},"96":{"start":{"line":288,"column":12},"end":{"line":288,"column":35}},"97":{"start":{"line":289,"column":12},"end":{"line":289,"column":32}},"98":{"start":{"line":298,"column":12},"end":{"line":303,"column":5}},"99":{"start":{"line":299,"column":8},"end":{"line":301,"column":9}},"100":{"start":{"line":300,"column":12},"end":{"line":300,"column":31}},"101":{"start":{"line":302,"column":8},"end":{"line":302,"column":20}},"102":{"start":{"line":310,"column":12},"end":{"line":315,"column":5}},"103":{"start":{"line":311,"column":8},"end":{"line":313,"column":9}},"104":{"start":{"line":312,"column":12},"end":{"line":312,"column":32}},"105":{"start":{"line":314,"column":8},"end":{"line":314,"column":20}},"106":{"start":{"line":320,"column":12},"end":{"line":325,"column":5}},"107":{"start":{"line":321,"column":8},"end":{"line":323,"column":9}},"108":{"start":{"line":322,"column":12},"end":{"line":322,"column":22}},"109":{"start":{"line":324,"column":8},"end":{"line":324,"column":87}},"110":{"start":{"line":330,"column":12},"end":{"line":356,"column":5}},"111":{"start":{"line":332,"column":26},"end":{"line":332,"column":30}},"112":{"start":{"line":333,"column":23},"end":{"line":333,"column":32}},"113":{"start":{"line":334,"column":8},"end":{"line":345,"column":9}},"114":{"start":{"line":335,"column":24},"end":{"line":335,"column":68}},"115":{"start":{"line":336,"column":12},"end":{"line":344,"column":13}},"116":{"start":{"line":337,"column":16},"end":{"line":337,"column":28}},"117":{"start":{"line":338,"column":19},"end":{"line":344,"column":13}},"118":{"start":{"line":339,"column":16},"end":{"line":339,"column":34}},"119":{"start":{"line":340,"column":16},"end":{"line":340,"column":43}},"120":{"start":{"line":342,"column":16},"end":{"line":342,"column":34}},"121":{"start":{"line":343,"column":16},"end":{"line":343,"column":44}},"122":{"start":{"line":346,"column":8},"end":{"line":346,"column":29}},"123":{"start":{"line":347,"column":8},"end":{"line":354,"column":9}},"124":{"start":{"line":349,"column":12},"end":{"line":349,"column":29}},"125":{"start":{"line":350,"column":15},"end":{"line":354,"column":9}},"126":{"start":{"line":351,"column":12},"end":{"line":351,"column":33}},"127":{"start":{"line":353,"column":12},"end":{"line":353,"column":34}},"128":{"start":{"line":355,"column":8},"end":{"line":355,"column":20}},"129":{"start":{"line":361,"column":12},"end":{"line":368,"column":5}},"130":{"start":{"line":362,"column":8},"end":{"line":367,"column":10}},"131":{"start":{"line":370,"column":0},"end":{"line":370,"column":1}}},"fnMap":{"0":{"name":"(anonymous_0)","decl":{"start":{"line":20,"column":0},"end":{"line":null,"column":-1}},"loc":{"start":{"line":20,"column":0},"end":{"line":20,"column":-1}}},"1":{"name":"BSTree","decl":{"start":{"line":60,"column":4},"end":{"line":60,"column":15}},"loc":{"start":{"line":60,"column":58},"end":{"line":64,"column":5}}},"2":{"name":"(anonymous_2)","decl":{"start":{"line":71,"column":4},"end":{"line":71,"column":7}},"loc":{"start":{"line":71,"column":18},"end":{"line":81,"column":5}}},"3":{"name":"(anonymous_3)","decl":{"start":{"line":86,"column":4},"end":{"line":null,"column":-1}},"loc":{"start":{"line":86,"column":4},"end":{"line":89,"column":5}}},"4":{"name":"(anonymous_4)","decl":{"start":{"line":95,"column":4},"end":{"line":null,"column":-1}},"loc":{"start":{"line":95,"column":4},"end":{"line":97,"column":5}}},"5":{"name":"(anonymous_5)","decl":{"start":{"line":103,"column":4},"end":{"line":null,"column":-1}},"loc":{"start":{"line":103,"column":4},"end":{"line":105,"column":5}}},"6":{"name":"(anonymous_6)","decl":{"start":{"line":113,"column":4},"end":{"line":113,"column":12}},"loc":{"start":{"line":113,"column":23},"end":{"line":118,"column":5}}},"7":{"name":"(anonymous_7)","decl":{"start":{"line":125,"column":4},"end":{"line":125,"column":10}},"loc":{"start":{"line":125,"column":21},"end":{"line":131,"column":5}}},"8":{"name":"(anonymous_8)","decl":{"start":{"line":137,"column":4},"end":{"line":137,"column":10}},"loc":{"start":{"line":137,"column":21},"end":{"line":145,"column":5}}},"9":{"name":"(anonymous_9)","decl":{"start":{"line":155,"column":4},"end":{"line":155,"column":12}},"loc":{"start":{"line":155,"column":60},"end":{"line":178,"column":5}}},"10":{"name":"(anonymous_10)","decl":{"start":{"line":186,"column":4},"end":{"line":186,"column":11}},"loc":{"start":{"line":186,"column":36},"end":{"line":206,"column":5}}},"11":{"name":"(anonymous_11)","decl":{"start":{"line":213,"column":4},"end":{"line":null,"column":-1}},"loc":{"start":{"line":213,"column":4},"end":{"line":218,"column":5}}},"12":{"name":"(anonymous_12)","decl":{"start":{"line":225,"column":4},"end":{"line":null,"column":-1}},"loc":{"start":{"line":225,"column":4},"end":{"line":230,"column":5}}},"13":{"name":"(anonymous_13)","decl":{"start":{"line":236,"column":4},"end":{"line":null,"column":-1}},"loc":{"start":{"line":236,"column":4},"end":{"line":238,"column":5}}},"14":{"name":"(anonymous_14)","decl":{"start":{"line":243,"column":4},"end":{"line":243,"column":22}},"loc":{"start":{"line":243,"column":61},"end":{"line":254,"column":5}}},"15":{"name":"(anonymous_15)","decl":{"start":{"line":259,"column":4},"end":{"line":259,"column":22}},"loc":{"start":{"line":259,"column":66},"end":{"line":270,"column":5}}},"16":{"name":"(anonymous_16)","decl":{"start":{"line":275,"column":4},"end":{"line":275,"column":22}},"loc":{"start":{"line":275,"column":42},"end":{"line":291,"column":5}}},"17":{"name":"(anonymous_17)","decl":{"start":{"line":298,"column":4},"end":{"line":298,"column":22}},"loc":{"start":{"line":298,"column":49},"end":{"line":303,"column":5}}},"18":{"name":"(anonymous_18)","decl":{"start":{"line":310,"column":4},"end":{"line":310,"column":22}},"loc":{"start":{"line":310,"column":49},"end":{"line":315,"column":5}}},"19":{"name":"(anonymous_19)","decl":{"start":{"line":320,"column":4},"end":{"line":320,"column":21}},"loc":{"start":{"line":320,"column":48},"end":{"line":325,"column":5}}},"20":{"name":"(anonymous_20)","decl":{"start":{"line":330,"column":4},"end":{"line":330,"column":22}},"loc":{"start":{"line":330,"column":42},"end":{"line":356,"column":5}}},"21":{"name":"(anonymous_21)","decl":{"start":{"line":361,"column":4},"end":{"line":361,"column":22}},"loc":{"start":{"line":361,"column":33},"end":{"line":368,"column":5}}}},"branchMap":{"0":{"loc":{"start":{"line":62,"column":23},"end":{"line":62,"column":38}},"type":"binary-expr","locations":[{"start":{"line":62,"column":23},"end":{"line":62,"column":38}},{"start":{"line":62,"column":42},"end":{"line":62,"column":61}}]},"1":{"loc":{"start":{"line":72,"column":8},"end":{"line":74,"column":9}},"type":"if","locations":[{"start":{"line":72,"column":8},"end":{"line":74,"column":9}},{"start":{"line":72,"column":8},"end":{"line":74,"column":9}}]},"2":{"loc":{"start":{"line":76,"column":8},"end":{"line":79,"column":9}},"type":"if","locations":[{"start":{"line":76,"column":8},"end":{"line":79,"column":9}},{"start":{"line":76,"column":8},"end":{"line":79,"column":9}}]},"3":{"loc":{"start":{"line":114,"column":8},"end":{"line":116,"column":9}},"type":"if","locations":[{"start":{"line":114,"column":8},"end":{"line":116,"column":9}},{"start":{"line":114,"column":8},"end":{"line":116,"column":9}}]},"4":{"loc":{"start":{"line":127,"column":8},"end":{"line":129,"column":9}},"type":"if","locations":[{"start":{"line":127,"column":8},"end":{"line":129,"column":9}},{"start":{"line":127,"column":8},"end":{"line":129,"column":9}}]},"5":{"loc":{"start":{"line":139,"column":8},"end":{"line":141,"column":9}},"type":"if","locations":[{"start":{"line":139,"column":8},"end":{"line":141,"column":9}},{"start":{"line":139,"column":8},"end":{"line":141,"column":9}}]},"6":{"loc":{"start":{"line":158,"column":8},"end":{"line":159,"column":25}},"type":"if","locations":[{"start":{"line":158,"column":8},"end":{"line":159,"column":25}},{"start":{"line":158,"column":8},"end":{"line":159,"column":25}}]},"7":{"loc":{"start":{"line":167,"column":8},"end":{"line":168,"column":24}},"type":"if","locations":[{"start":{"line":167,"column":8},"end":{"line":168,"column":24}},{"start":{"line":167,"column":8},"end":{"line":168,"column":24}}]},"8":{"loc":{"start":{"line":170,"column":8},"end":{"line":172,"column":24}},"type":"if","locations":[{"start":{"line":170,"column":8},"end":{"line":172,"column":24}},{"start":{"line":170,"column":8},"end":{"line":172,"column":24}}]},"9":{"loc":{"start":{"line":170,"column":11},"end":{"line":170,"column":30}},"type":"binary-expr","locations":[{"start":{"line":170,"column":11},"end":{"line":170,"column":30}},{"start":{"line":170,"column":34},"end":{"line":170,"column":75}},{"start":{"line":171,"column":11},"end":{"line":171,"column":31}},{"start":{"line":171,"column":35},"end":{"line":171,"column":77}}]},"10":{"loc":{"start":{"line":187,"column":8},"end":{"line":188,"column":29}},"type":"if","locations":[{"start":{"line":187,"column":8},"end":{"line":188,"column":29}},{"start":{"line":187,"column":8},"end":{"line":188,"column":29}}]},"11":{"loc":{"start":{"line":195,"column":8},"end":{"line":197,"column":29}},"type":"if","locations":[{"start":{"line":195,"column":8},"end":{"line":197,"column":29}},{"start":{"line":195,"column":8},"end":{"line":197,"column":29}}]},"12":{"loc":{"start":{"line":195,"column":11},"end":{"line":195,"column":53}},"type":"binary-expr","locations":[{"start":{"line":195,"column":11},"end":{"line":195,"column":53}},{"start":{"line":196,"column":15},"end":{"line":196,"column":57}}]},"13":{"loc":{"start":{"line":200,"column":14},"end":{"line":200,"column":34}},"type":"binary-expr","locations":[{"start":{"line":200,"column":14},"end":{"line":200,"column":34}},{"start":{"line":200,"column":38},"end":{"line":200,"column":58}}]},"14":{"loc":{"start":{"line":201,"column":12},"end":{"line":202,"column":22}},"type":"if","locations":[{"start":{"line":201,"column":12},"end":{"line":202,"column":22}},{"start":{"line":201,"column":12},"end":{"line":202,"column":22}}]},"15":{"loc":{"start":{"line":214,"column":8},"end":{"line":216,"column":9}},"type":"if","locations":[{"start":{"line":214,"column":8},"end":{"line":216,"column":9}},{"start":{"line":214,"column":8},"end":{"line":216,"column":9}}]},"16":{"loc":{"start":{"line":214,"column":12},"end":{"line":214,"column":26}},"type":"binary-expr","locations":[{"start":{"line":214,"column":12},"end":{"line":214,"column":26}},{"start":{"line":214,"column":30},"end":{"line":214,"column":48}}]},"17":{"loc":{"start":{"line":226,"column":8},"end":{"line":228,"column":9}},"type":"if","locations":[{"start":{"line":226,"column":8},"end":{"line":228,"column":9}},{"start":{"line":226,"column":8},"end":{"line":228,"column":9}}]},"18":{"loc":{"start":{"line":226,"column":12},"end":{"line":226,"column":26}},"type":"binary-expr","locations":[{"start":{"line":226,"column":12},"end":{"line":226,"column":26}},{"start":{"line":226,"column":30},"end":{"line":226,"column":48}}]},"19":{"loc":{"start":{"line":245,"column":15},"end":{"line":245,"column":28}},"type":"binary-expr","locations":[{"start":{"line":245,"column":15},"end":{"line":245,"column":28}},{"start":{"line":245,"column":32},"end":{"line":245,"column":41}}]},"20":{"loc":{"start":{"line":247,"column":12},"end":{"line":251,"column":13}},"type":"if","locations":[{"start":{"line":247,"column":12},"end":{"line":251,"column":13}},{"start":{"line":247,"column":12},"end":{"line":251,"column":13}}]},"21":{"loc":{"start":{"line":249,"column":19},"end":{"line":251,"column":13}},"type":"if","locations":[{"start":{"line":249,"column":19},"end":{"line":251,"column":13}},{"start":{"line":249,"column":19},"end":{"line":251,"column":13}}]},"22":{"loc":{"start":{"line":260,"column":8},"end":{"line":266,"column":9}},"type":"if","locations":[{"start":{"line":260,"column":8},"end":{"line":266,"column":9}},{"start":{"line":260,"column":8},"end":{"line":266,"column":9}}]},"23":{"loc":{"start":{"line":262,"column":15},"end":{"line":266,"column":9}},"type":"if","locations":[{"start":{"line":262,"column":15},"end":{"line":266,"column":9}},{"start":{"line":262,"column":15},"end":{"line":266,"column":9}}]},"24":{"loc":{"start":{"line":267,"column":8},"end":{"line":269,"column":9}},"type":"if","locations":[{"start":{"line":267,"column":8},"end":{"line":269,"column":9}},{"start":{"line":267,"column":8},"end":{"line":269,"column":9}}]},"25":{"loc":{"start":{"line":276,"column":8},"end":{"line":290,"column":9}},"type":"if","locations":[{"start":{"line":276,"column":8},"end":{"line":290,"column":9}},{"start":{"line":276,"column":8},"end":{"line":290,"column":9}}]},"26":{"loc":{"start":{"line":278,"column":15},"end":{"line":290,"column":9}},"type":"if","locations":[{"start":{"line":278,"column":15},"end":{"line":290,"column":9}},{"start":{"line":278,"column":15},"end":{"line":290,"column":9}}]},"27":{"loc":{"start":{"line":282,"column":12},"end":{"line":286,"column":13}},"type":"if","locations":[{"start":{"line":282,"column":12},"end":{"line":286,"column":13}},{"start":{"line":282,"column":12},"end":{"line":286,"column":13}}]},"28":{"loc":{"start":{"line":299,"column":15},"end":{"line":299,"column":27}},"type":"binary-expr","locations":[{"start":{"line":299,"column":15},"end":{"line":299,"column":27}},{"start":{"line":299,"column":31},"end":{"line":299,"column":51}}]},"29":{"loc":{"start":{"line":311,"column":15},"end":{"line":311,"column":27}},"type":"binary-expr","locations":[{"start":{"line":311,"column":15},"end":{"line":311,"column":27}},{"start":{"line":311,"column":31},"end":{"line":311,"column":52}}]},"30":{"loc":{"start":{"line":321,"column":8},"end":{"line":323,"column":9}},"type":"if","locations":[{"start":{"line":321,"column":8},"end":{"line":323,"column":9}},{"start":{"line":321,"column":8},"end":{"line":323,"column":9}}]},"31":{"loc":{"start":{"line":336,"column":12},"end":{"line":344,"column":13}},"type":"if","locations":[{"start":{"line":336,"column":12},"end":{"line":344,"column":13}},{"start":{"line":336,"column":12},"end":{"line":344,"column":13}}]},"32":{"loc":{"start":{"line":338,"column":19},"end":{"line":344,"column":13}},"type":"if","locations":[{"start":{"line":338,"column":19},"end":{"line":344,"column":13}},{"start":{"line":338,"column":19},"end":{"line":344,"column":13}}]},"33":{"loc":{"start":{"line":347,"column":8},"end":{"line":354,"column":9}},"type":"if","locations":[{"start":{"line":347,"column":8},"end":{"line":354,"column":9}},{"start":{"line":347,"column":8},"end":{"line":354,"column":9}}]},"34":{"loc":{"start":{"line":350,"column":15},"end":{"line":354,"column":9}},"type":"if","locations":[{"start":{"line":350,"column":15},"end":{"line":354,"column":9}},{"start":{"line":350,"column":15},"end":{"line":354,"column":9}}]}},"s":{"0":2,"1":2,"2":26,"3":26,"4":26,"5":2,"6":141,"7":1,"8":140,"9":139,"10":139,"11":1,"12":2,"13":1,"14":1,"15":2,"16":5,"17":2,"18":4,"19":2,"20":3,"21":1,"22":2,"23":2,"24":6,"25":6,"26":5,"27":1,"28":2,"29":6,"30":6,"31":1,"32":5,"33":5,"34":5,"35":2,"36":31,"37":1,"38":30,"39":30,"40":3,"41":27,"42":8,"43":19,"44":19,"45":2,"46":2,"47":1,"48":1,"49":1,"50":1,"51":0,"52":1,"53":1,"54":3,"55":1,"56":2,"57":1,"58":2,"59":0,"60":0,"61":0,"62":2,"63":0,"64":0,"65":0,"66":2,"67":0,"68":2,"69":14,"70":14,"71":37,"72":37,"73":11,"74":26,"75":19,"76":14,"77":2,"78":6,"79":1,"80":5,"81":2,"82":3,"83":6,"84":3,"85":2,"86":5,"87":3,"88":2,"89":1,"90":1,"91":1,"92":1,"93":1,"94":1,"95":1,"96":1,"97":1,"98":2,"99":1,"100":1,"101":1,"102":2,"103":0,"104":0,"105":0,"106":2,"107":0,"108":0,"109":0,"110":2,"111":140,"112":140,"113":140,"114":265,"115":265,"116":1,"117":264,"118":127,"119":127,"120":137,"121":137,"122":139,"123":139,"124":18,"125":121,"126":67,"127":54,"128":139,"129":2,"130":140,"131":2},"f":{"0":2,"1":26,"2":141,"3":1,"4":5,"5":4,"6":3,"7":6,"8":6,"9":31,"10":2,"11":0,"12":0,"13":0,"14":14,"15":6,"16":5,"17":1,"18":0,"19":0,"20":140,"21":140},"b":{"0":[26,26],"1":[1,140],"2":[139,1],"3":[1,2],"4":[5,1],"5":[1,5],"6":[1,30],"7":[3,27],"8":[8,19],"9":[27,18,21,8],"10":[1,1],"11":[0,1],"12":[1,1],"13":[3,3],"14":[1,2],"15":[0,0],"16":[0,0],"17":[0,0],"18":[0,0],"19":[51,44],"20":[11,26],"21":[19,7],"22":[1,5],"23":[2,3],"24":[3,3],"25":[3,2],"26":[1,1],"27":[1,0],"28":[2,2],"29":[0,0],"30":[0,0],"31":[1,264],"32":[127,137],"33":[18,121],"34":[67,54]}}
,"C:\\Users\\Roble\\Desktop\\3rd Year College\\softwareEngineering\\typescript\\src\\util.ts": {"path":"C:\\Users\\Roble\\Desktop\\3rd Year College\\softwareEngineering\\typescript\\src\\util.ts","statementMap":{"0":{"start":{"line":30,"column":4},"end":{"line":36,"column":5}},"1":{"start":{"line":31,"column":8},"end":{"line":31,"column":18}},"2":{"start":{"line":32,"column":11},"end":{"line":36,"column":5}},"3":{"start":{"line":33,"column":8},"end":{"line":33,"column":17}},"4":{"start":{"line":35,"column":8},"end":{"line":35,"column":17}},"5":{"start":{"line":29,"column":0},"end":{"line":37,"column":1}},"6":{"start":{"line":44,"column":4},"end":{"line":44,"column":40}},"7":{"start":{"line":43,"column":0},"end":{"line":45,"column":1}}},"fnMap":{"0":{"name":"defaultCompare","decl":{"start":{"line":29,"column":16},"end":{"line":29,"column":30}},"loc":{"start":{"line":29,"column":44},"end":{"line":37,"column":1}}},"1":{"name":"isUndefined","decl":{"start":{"line":43,"column":16},"end":{"line":43,"column":27}},"loc":{"start":{"line":43,"column":36},"end":{"line":45,"column":1}}}},"branchMap":{"0":{"loc":{"start":{"line":30,"column":4},"end":{"line":36,"column":5}},"type":"if","locations":[{"start":{"line":30,"column":4},"end":{"line":36,"column":5}},{"start":{"line":30,"column":4},"end":{"line":36,"column":5}}]},"1":{"loc":{"start":{"line":32,"column":11},"end":{"line":36,"column":5}},"type":"if","locations":[{"start":{"line":32,"column":11},"end":{"line":36,"column":5}},{"start":{"line":32,"column":11},"end":{"line":36,"column":5}}]}},"s":{"0":423,"1":205,"2":218,"3":8,"4":210,"5":2,"6":144,"7":2},"f":{"0":423,"1":144},"b":{"0":[205,218],"1":[8,210]}}
}
