{"C:\\Users\\Roble\\Desktop\\3rd Year College\\softwareEngineering\\typescript\\src\\BST.ts": {"path":"C:\\Users\\Roble\\Desktop\\3rd Year College\\softwareEngineering\\typescript\\src\\BST.ts","statementMap":{"0":{"start":{"line":1,"column":0},"end":{"line":1,"column":30}},"1":{"start":{"line":20,"column":0},"end":{"line":370,"column":0}},"2":{"start":{"line":61,"column":8},"end":{"line":61,"column":25}},"3":{"start":{"line":62,"column":8},"end":{"line":62,"column":62}},"4":{"start":{"line":63,"column":8},"end":{"line":63,"column":27}},"5":{"start":{"line":71,"column":4},"end":{"line":81,"column":5}},"6":{"start":{"line":72,"column":8},"end":{"line":74,"column":9}},"7":{"start":{"line":73,"column":12},"end":{"line":73,"column":25}},"8":{"start":{"line":76,"column":8},"end":{"line":79,"column":9}},"9":{"start":{"line":77,"column":12},"end":{"line":77,"column":29}},"10":{"start":{"line":78,"column":12},"end":{"line":78,"column":24}},"11":{"start":{"line":80,"column":8},"end":{"line":80,"column":21}},"12":{"start":{"line":86,"column":4},"end":{"line":89,"column":5}},"13":{"start":{"line":87,"column":8},"end":{"line":87,"column":25}},"14":{"start":{"line":88,"column":8},"end":{"line":88,"column":27}},"15":{"start":{"line":95,"column":4},"end":{"line":97,"column":5}},"16":{"start":{"line":96,"column":8},"end":{"line":96,"column":36}},"17":{"start":{"line":103,"column":4},"end":{"line":105,"column":5}},"18":{"start":{"line":104,"column":8},"end":{"line":104,"column":30}},"19":{"start":{"line":113,"column":4},"end":{"line":118,"column":5}},"20":{"start":{"line":114,"column":8},"end":{"line":116,"column":9}},"21":{"start":{"line":115,"column":12},"end":{"line":115,"column":25}},"22":{"start":{"line":117,"column":8},"end":{"line":117,"column":60}},"23":{"start":{"line":125,"column":4},"end":{"line":131,"column":5}},"24":{"start":{"line":126,"column":20},"end":{"line":126,"column":55}},"25":{"start":{"line":127,"column":8},"end":{"line":129,"column":9}},"26":{"start":{"line":128,"column":12},"end":{"line":128,"column":29}},"27":{"start":{"line":130,"column":8},"end":{"line":130,"column":27}},"28":{"start":{"line":137,"column":4},"end":{"line":145,"column":5}},"29":{"start":{"line":138,"column":21},"end":{"line":138,"column":56}},"30":{"start":{"line":139,"column":8},"end":{"line":141,"column":9}},"31":{"start":{"line":140,"column":12},"end":{"line":140,"column":25}},"32":{"start":{"line":142,"column":8},"end":{"line":142,"column":30}},"33":{"start":{"line":143,"column":8},"end":{"line":143,"column":25}},"34":{"start":{"line":144,"column":8},"end":{"line":144,"column":20}},"35":{"start":{"line":155,"column":4},"end":{"line":178,"column":5}},"36":{"start":{"line":158,"column":8},"end":{"line":159,"column":25}},"37":{"start":{"line":159,"column":12},"end":{"line":159,"column":25}},"38":{"start":{"line":164,"column":8},"end":{"line":164,"column":32}},"39":{"start":{"line":167,"column":8},"end":{"line":168,"column":24}},"40":{"start":{"line":168,"column":12},"end":{"line":168,"column":24}},"41":{"start":{"line":170,"column":8},"end":{"line":172,"column":24}},"42":{"start":{"line":172,"column":12},"end":{"line":172,"column":24}},"43":{"start":{"line":176,"column":8},"end":{"line":176,"column":19}},"44":{"start":{"line":177,"column":8},"end":{"line":177,"column":21}},"45":{"start":{"line":186,"column":4},"end":{"line":206,"column":5}},"46":{"start":{"line":187,"column":8},"end":{"line":188,"column":29}},"47":{"start":{"line":188,"column":12},"end":{"line":188,"column":29}},"48":{"start":{"line":191,"column":20},"end":{"line":191,"column":22}},"49":{"start":{"line":192,"column":20},"end":{"line":192,"column":22}},"50":{"start":{"line":195,"column":8},"end":{"line":197,"column":29}},"51":{"start":{"line":197,"column":12},"end":{"line":197,"column":29}},"52":{"start":{"line":199,"column":20},"end":{"line":199,"column":21}},"53":{"start":{"line":200,"column":8},"end":{"line":204,"column":9}},"54":{"start":{"line":201,"column":12},"end":{"line":202,"column":22}},"55":{"start":{"line":202,"column":16},"end":{"line":202,"column":22}},"56":{"start":{"line":203,"column":12},"end":{"line":203,"column":20}},"57":{"start":{"line":205,"column":8},"end":{"line":205,"column":30}},"58":{"start":{"line":213,"column":4},"end":{"line":218,"column":5}},"59":{"start":{"line":214,"column":8},"end":{"line":216,"column":9}},"60":{"start":{"line":215,"column":12},"end":{"line":215,"column":29}},"61":{"start":{"line":217,"column":8},"end":{"line":217,"column":50}},"62":{"start":{"line":225,"column":4},"end":{"line":230,"column":5}},"63":{"start":{"line":226,"column":8},"end":{"line":228,"column":9}},"64":{"start":{"line":227,"column":12},"end":{"line":227,"column":29}},"65":{"start":{"line":229,"column":8},"end":{"line":229,"column":50}},"66":{"start":{"line":236,"column":4},"end":{"line":238,"column":5}},"67":{"start":{"line":237,"column":8},"end":{"line":237,"column":41}},"68":{"start":{"line":243,"column":12},"end":{"line":254,"column":5}},"69":{"start":{"line":244,"column":26},"end":{"line":244,"column":27}},"70":{"start":{"line":245,"column":8},"end":{"line":252,"column":9}},"71":{"start":{"line":246,"column":12},"end":{"line":246,"column":54}},"72":{"start":{"line":247,"column":12},"end":{"line":251,"column":13}},"73":{"start":{"line":248,"column":16},"end":{"line":248,"column":35}},"74":{"start":{"line":249,"column":19},"end":{"line":251,"column":13}},"75":{"start":{"line":250,"column":16},"end":{"line":250,"column":36}},"76":{"start":{"line":253,"column":8},"end":{"line":253,"column":20}},"77":{"start":{"line":259,"column":12},"end":{"line":270,"column":5}},"78":{"start":{"line":260,"column":8},"end":{"line":266,"column":9}},"79":{"start":{"line":261,"column":12},"end":{"line":261,"column":27}},"80":{"start":{"line":262,"column":15},"end":{"line":266,"column":9}},"81":{"start":{"line":263,"column":12},"end":{"line":263,"column":34}},"82":{"start":{"line":265,"column":12},"end":{"line":265,"column":35}},"83":{"start":{"line":267,"column":8},"end":{"line":269,"column":9}},"84":{"start":{"line":268,"column":12},"end":{"line":268,"column":34}},"85":{"start":{"line":275,"column":12},"end":{"line":291,"column":5}},"86":{"start":{"line":276,"column":8},"end":{"line":290,"column":9}},"87":{"start":{"line":277,"column":12},"end":{"line":277,"column":48}},"88":{"start":{"line":278,"column":15},"end":{"line":290,"column":9}},"89":{"start":{"line":279,"column":12},"end":{"line":279,"column":47}},"90":{"start":{"line":281,"column":22},"end":{"line":281,"column":51}},"91":{"start":{"line":282,"column":12},"end":{"line":286,"column":13}},"92":{"start":{"line":283,"column":16},"end":{"line":283,"column":46}},"93":{"start":{"line":284,"column":16},"end":{"line":284,"column":41}},"94":{"start":{"line":285,"column":16},"end":{"line":285,"column":37}},"95":{"start":{"line":287,"column":12},"end":{"line":287,"column":37}},"96":{"start":{"line":288,"column":12},"end":{"line":288,"column":35}},"97":{"start":{"line":289,"column":12},"end":{"line":289,"column":32}},"98":{"start":{"line":298,"column":12},"end":{"line":303,"column":5}},"99":{"start":{"line":299,"column":8},"end":{"line":301,"column":9}},"100":{"start":{"line":300,"column":12},"end":{"line":300,"column":31}},"101":{"start":{"line":302,"column":8},"end":{"line":302,"column":20}},"102":{"start":{"line":310,"column":12},"end":{"line":315,"column":5}},"103":{"start":{"line":311,"column":8},"end":{"line":313,"column":9}},"104":{"start":{"line":312,"column":12},"end":{"line":312,"column":32}},"105":{"start":{"line":314,"column":8},"end":{"line":314,"column":20}},"106":{"start":{"line":320,"column":12},"end":{"line":325,"column":5}},"107":{"start":{"line":321,"column":8},"end":{"line":323,"column":9}},"108":{"start":{"line":322,"column":12},"end":{"line":322,"column":22}},"109":{"start":{"line":324,"column":8},"end":{"line":324,"column":87}},"110":{"start":{"line":330,"column":12},"end":{"line":356,"column":5}},"111":{"start":{"line":332,"column":26},"end":{"line":332,"column":30}},"112":{"start":{"line":333,"column":23},"end":{"line":333,"column":32}},"113":{"start":{"line":334,"column":8},"end":{"line":345,"column":9}},"114":{"start":{"line":335,"column":24},"end":{"line":335,"column":68}},"115":{"start":{"line":336,"column":12},"end":{"line":344,"column":13}},"116":{"start":{"line":337,"column":16},"end":{"line":337,"column":28}},"117":{"start":{"line":338,"column":19},"end":{"line":344,"column":13}},"118":{"start":{"line":339,"column":16},"end":{"line":339,"column":34}},"119":{"start":{"line":340,"column":16},"end":{"line":340,"column":43}},"120":{"start":{"line":342,"column":16},"end":{"line":342,"column":34}},"121":{"start":{"line":343,"column":16},"end":{"line":343,"column":44}},"122":{"start":{"line":346,"column":8},"end":{"line":346,"column":29}},"123":{"start":{"line":347,"column":8},"end":{"line":354,"column":9}},"124":{"start":{"line":349,"column":12},"end":{"line":349,"column":29}},"125":{"start":{"line":350,"column":15},"end":{"line":354,"column":9}},"126":{"start":{"line":351,"column":12},"end":{"line":351,"column":33}},"127":{"start":{"line":353,"column":12},"end":{"line":353,"column":34}},"128":{"start":{"line":355,"column":8},"end":{"line":355,"column":20}},"129":{"start":{"line":361,"column":12},"end":{"line":368,"column":5}},"130":{"start":{"line":362,"column":8},"end":{"line":367,"column":10}},"131":{"start":{"line":370,"column":0},"end":{"line":370,"column":1}}},"fnMap":{"0":{"name":"(anonymous_0)","decl":{"start":{"line":20,"column":0},"end":{"line":null,"column":-1}},"loc":{"start":{"line":20,"column":0},"end":{"line":20,"column":-1}}},"1":{"name":"BSTree","decl":{"start":{"line":60,"column":4},"end":{"line":60,"column":15}},"loc":{"start":{"line":60,"column":58},"end":{"line":64,"column":5}}},"2":{"name":"(anonymous_2)","decl":{"start":{"line":71,"column":4},"end":{"line":71,"column":7}},"loc":{"start":{"line":71,"column":18},"end":{"line":81,"column":5}}},"3":{"name":"(anonymous_3)","decl":{"start":{"line":86,"column":4},"end":{"line":null,"column":-1}},"loc":{"start":{"line":86,"column":4},"end":{"line":89,"column":5}}},"4":{"name":"(anonymous_4)","decl":{"start":{"line":95,"column":4},"end":{"line":null,"column":-1}},"loc":{"start":{"line":95,"column":4},"end":{"line":97,"column":5}}},"5":{"name":"(anonymous_5)","decl":{"start":{"line":103,"column":4},"end":{"line":null,"column":-1}},"loc":{"start":{"line":103,"column":4},"end":{"line":105,"column":5}}},"6":{"name":"(anonymous_6)","decl":{"start":{"line":113,"column":4},"end":{"line":113,"column":12}},"loc":{"start":{"line":113,"column":23},"end":{"line":118,"column":5}}},"7":{"name":"(anonymous_7)","decl":{"start":{"line":125,"column":4},"end":{"line":125,"column":10}},"loc":{"start":{"line":125,"column":21},"end":{"line":131,"column":5}}},"8":{"name":"(anonymous_8)","decl":{"start":{"line":137,"column":4},"end":{"line":137,"column":10}},"loc":{"start":{"line":137,"column":21},"end":{"line":145,"column":5}}},"9":{"name":"(anonymous_9)","decl":{"start":{"line":155,"column":4},"end":{"line":155,"column":12}},"loc":{"start":{"line":155,"column":60},"end":{"line":178,"column":5}}},"10":{"name":"(anonymous_10)","decl":{"start":{"line":186,"column":4},"end":{"line":186,"column":11}},"loc":{"start":{"line":186,"column":36},"end":{"line":206,"column":5}}},"11":{"name":"(anonymous_11)","decl":{"start":{"line":213,"column":4},"end":{"line":null,"column":-1}},"loc":{"start":{"line":213,"column":4},"end":{"line":218,"column":5}}},"12":{"name":"(anonymous_12)","decl":{"start":{"line":225,"column":4},"end":{"line":null,"column":-1}},"loc":{"start":{"line":225,"column":4},"end":{"line":230,"column":5}}},"13":{"name":"(anonymous_13)","decl":{"start":{"line":236,"column":4},"end":{"line":null,"column":-1}},"loc":{"start":{"line":236,"column":4},"end":{"line":238,"column":5}}},"14":{"name":"(anonymous_14)","decl":{"start":{"line":243,"column":4},"end":{"line":243,"column":22}},"loc":{"start":{"line":243,"column":61},"end":{"line":254,"column":5}}},"15":{"name":"(anonymous_15)","decl":{"start":{"line":259,"column":4},"end":{"line":259,"column":22}},"loc":{"start":{"line":259,"column":66},"end":{"line":270,"column":5}}},"16":{"name":"(anonymous_16)","decl":{"start":{"line":275,"column":4},"end":{"line":275,"column":22}},"loc":{"start":{"line":275,"column":42},"end":{"line":291,"column":5}}},"17":{"name":"(anonymous_17)","decl":{"start":{"line":298,"column":4},"end":{"line":298,"column":22}},"loc":{"start":{"line":298,"column":49},"end":{"line":303,"column":5}}},"18":{"name":"(anonymous_18)","decl":{"start":{"line":310,"column":4},"end":{"line":310,"column":22}},"loc":{"start":{"line":310,"column":49},"end":{"line":315,"column":5}}},"19":{"name":"(anonymous_19)","decl":{"start":{"line":320,"column":4},"end":{"line":320,"column":21}},"loc":{"start":{"line":320,"column":48},"end":{"line":325,"column":5}}},"20":{"name":"(anonymous_20)","decl":{"start":{"line":330,"column":4},"end":{"line":330,"column":22}},"loc":{"start":{"line":330,"column":42},"end":{"line":356,"column":5}}},"21":{"name":"(anonymous_21)","decl":{"start":{"line":361,"column":4},"end":{"line":361,"column":22}},"loc":{"start":{"line":361,"column":33},"end":{"line":368,"column":5}}}},"branchMap":{"0":{"loc":{"start":{"line":62,"column":23},"end":{"line":62,"column":38}},"type":"binary-expr","locations":[{"start":{"line":62,"column":23},"end":{"line":62,"column":38}},{"start":{"line":62,"column":42},"end":{"line":62,"column":61}}]},"1":{"loc":{"start":{"line":72,"column":8},"end":{"line":74,"column":9}},"type":"if","locations":[{"start":{"line":72,"column":8},"end":{"line":74,"column":9}},{"start":{"line":72,"column":8},"end":{"line":74,"column":9}}]},"2":{"loc":{"start":{"line":76,"column":8},"end":{"line":79,"column":9}},"type":"if","locations":[{"start":{"line":76,"column":8},"end":{"line":79,"column":9}},{"start":{"line":76,"column":8},"end":{"line":79,"column":9}}]},"3":{"loc":{"start":{"line":114,"column":8},"end":{"line":116,"column":9}},"type":"if","locations":[{"start":{"line":114,"column":8},"end":{"line":116,"column":9}},{"start":{"line":114,"column":8},"end":{"line":116,"column":9}}]},"4":{"loc":{"start":{"line":127,"column":8},"end":{"line":129,"column":9}},"type":"if","locations":[{"start":{"line":127,"column":8},"end":{"line":129,"column":9}},{"start":{"line":127,"column":8},"end":{"line":129,"column":9}}]},"5":{"loc":{"start":{"line":139,"column":8},"end":{"line":141,"column":9}},"type":"if","locations":[{"start":{"line":139,"column":8},"end":{"line":141,"column":9}},{"start":{"line":139,"column":8},"end":{"line":141,"column":9}}]},"6":{"loc":{"start":{"line":158,"column":8},"end":{"line":159,"column":25}},"type":"if","locations":[{"start":{"line":158,"column":8},"end":{"line":159,"column":25}},{"start":{"line":158,"column":8},"end":{"line":159,"column":25}}]},"7":{"loc":{"start":{"line":167,"column":8},"end":{"line":168,"column":24}},"type":"if","locations":[{"start":{"line":167,"column":8},"end":{"line":168,"column":24}},{"start":{"line":167,"column":8},"end":{"line":168,"column":24}}]},"8":{"loc":{"start":{"line":170,"column":8},"end":{"line":172,"column":24}},"type":"if","locations":[{"start":{"line":170,"column":8},"end":{"line":172,"column":24}},{"start":{"line":170,"column":8},"end":{"line":172,"column":24}}]},"9":{"loc":{"start":{"line":170,"column":11},"end":{"line":170,"column":30}},"type":"binary-expr","locations":[{"start":{"line":170,"column":11},"end":{"line":170,"column":30}},{"start":{"line":170,"column":34},"end":{"line":170,"column":75}},{"start":{"line":171,"column":11},"end":{"line":171,"column":31}},{"start":{"line":171,"column":35},"end":{"line":171,"column":77}}]},"10":{"loc":{"start":{"line":187,"column":8},"end":{"line":188,"column":29}},"type":"if","locations":[{"start":{"line":187,"column":8},"end":{"line":188,"column":29}},{"start":{"line":187,"column":8},"end":{"line":188,"column":29}}]},"11":{"loc":{"start":{"line":195,"column":8},"end":{"line":197,"column":29}},"type":"if","locations":[{"start":{"line":195,"column":8},"end":{"line":197,"column":29}},{"start":{"line":195,"column":8},"end":{"line":197,"column":29}}]},"12":{"loc":{"start":{"line":195,"column":11},"end":{"line":195,"column":53}},"type":"binary-expr","locations":[{"start":{"line":195,"column":11},"end":{"line":195,"column":53}},{"start":{"line":196,"column":15},"end":{"line":196,"column":57}}]},"13":{"loc":{"start":{"line":200,"column":14},"end":{"line":200,"column":34}},"type":"binary-expr","locations":[{"start":{"line":200,"column":14},"end":{"line":200,"column":34}},{"start":{"line":200,"column":38},"end":{"line":200,"column":58}}]},"14":{"loc":{"start":{"line":201,"column":12},"end":{"line":202,"column":22}},"type":"if","locations":[{"start":{"line":201,"column":12},"end":{"line":202,"column":22}},{"start":{"line":201,"column":12},"end":{"line":202,"column":22}}]},"15":{"loc":{"start":{"line":214,"column":8},"end":{"line":216,"column":9}},"type":"if","locations":[{"start":{"line":214,"column":8},"end":{"line":216,"column":9}},{"start":{"line":214,"column":8},"end":{"line":216,"column":9}}]},"16":{"loc":{"start":{"line":214,"column":12},"end":{"line":214,"column":26}},"type":"binary-expr","locations":[{"start":{"line":214,"column":12},"end":{"line":214,"column":26}},{"start":{"line":214,"column":30},"end":{"line":214,"column":48}}]},"17":{"loc":{"start":{"line":226,"column":8},"end":{"line":228,"column":9}},"type":"if","locations":[{"start":{"line":226,"column":8},"end":{"line":228,"column":9}},{"start":{"line":226,"column":8},"end":{"line":228,"column":9}}]},"18":{"loc":{"start":{"line":226,"column":12},"end":{"line":226,"column":26}},"type":"binary-expr","locations":[{"start":{"line":226,"column":12},"end":{"line":226,"column":26}},{"start":{"line":226,"column":30},"end":{"line":226,"column":48}}]},"19":{"loc":{"start":{"line":245,"column":15},"end":{"line":245,"column":28}},"type":"binary-expr","locations":[{"start":{"line":245,"column":15},"end":{"line":245,"column":28}},{"start":{"line":245,"column":32},"end":{"line":245,"column":41}}]},"20":{"loc":{"start":{"line":247,"column":12},"end":{"line":251,"column":13}},"type":"if","locations":[{"start":{"line":247,"column":12},"end":{"line":251,"column":13}},{"start":{"line":247,"column":12},"end":{"line":251,"column":13}}]},"21":{"loc":{"start":{"line":249,"column":19},"end":{"line":251,"column":13}},"type":"if","locations":[{"start":{"line":249,"column":19},"end":{"line":251,"column":13}},{"start":{"line":249,"column":19},"end":{"line":251,"column":13}}]},"22":{"loc":{"start":{"line":260,"column":8},"end":{"line":266,"column":9}},"type":"if","locations":[{"start":{"line":260,"column":8},"end":{"line":266,"column":9}},{"start":{"line":260,"column":8},"end":{"line":266,"column":9}}]},"23":{"loc":{"start":{"line":262,"column":15},"end":{"line":266,"column":9}},"type":"if","locations":[{"start":{"line":262,"column":15},"end":{"line":266,"column":9}},{"start":{"line":262,"column":15},"end":{"line":266,"column":9}}]},"24":{"loc":{"start":{"line":267,"column":8},"end":{"line":269,"column":9}},"type":"if","locations":[{"start":{"line":267,"column":8},"end":{"line":269,"column":9}},{"start":{"line":267,"column":8},"end":{"line":269,"column":9}}]},"25":{"loc":{"start":{"line":276,"column":8},"end":{"line":290,"column":9}},"type":"if","locations":[{"start":{"line":276,"column":8},"end":{"line":290,"column":9}},{"start":{"line":276,"column":8},"end":{"line":290,"column":9}}]},"26":{"loc":{"start":{"line":278,"column":15},"end":{"line":290,"column":9}},"type":"if","locations":[{"start":{"line":278,"column":15},"end":{"line":290,"column":9}},{"start":{"line":278,"column":15},"end":{"line":290,"column":9}}]},"27":{"loc":{"start":{"line":282,"column":12},"end":{"line":286,"column":13}},"type":"if","locations":[{"start":{"line":282,"column":12},"end":{"line":286,"column":13}},{"start":{"line":282,"column":12},"end":{"line":286,"column":13}}]},"28":{"loc":{"start":{"line":299,"column":15},"end":{"line":299,"column":27}},"type":"binary-expr","locations":[{"start":{"line":299,"column":15},"end":{"line":299,"column":27}},{"start":{"line":299,"column":31},"end":{"line":299,"column":51}}]},"29":{"loc":{"start":{"line":311,"column":15},"end":{"line":311,"column":27}},"type":"binary-expr","locations":[{"start":{"line":311,"column":15},"end":{"line":311,"column":27}},{"start":{"line":311,"column":31},"end":{"line":311,"column":52}}]},"30":{"loc":{"start":{"line":321,"column":8},"end":{"line":323,"column":9}},"type":"if","locations":[{"start":{"line":321,"column":8},"end":{"line":323,"column":9}},{"start":{"line":321,"column":8},"end":{"line":323,"column":9}}]},"31":{"loc":{"start":{"line":336,"column":12},"end":{"line":344,"column":13}},"type":"if","locations":[{"start":{"line":336,"column":12},"end":{"line":344,"column":13}},{"start":{"line":336,"column":12},"end":{"line":344,"column":13}}]},"32":{"loc":{"start":{"line":338,"column":19},"end":{"line":344,"column":13}},"type":"if","locations":[{"start":{"line":338,"column":19},"end":{"line":344,"column":13}},{"start":{"line":338,"column":19},"end":{"line":344,"column":13}}]},"33":{"loc":{"start":{"line":347,"column":8},"end":{"line":354,"column":9}},"type":"if","locations":[{"start":{"line":347,"column":8},"end":{"line":354,"column":9}},{"start":{"line":347,"column":8},"end":{"line":354,"column":9}}]},"34":{"loc":{"start":{"line":350,"column":15},"end":{"line":354,"column":9}},"type":"if","locations":[{"start":{"line":350,"column":15},"end":{"line":354,"column":9}},{"start":{"line":350,"column":15},"end":{"line":354,"column":9}}]}},"s":{"0":0,"1":0,"2":0,"3":0,"4":0,"5":0,"6":0,"7":0,"8":0,"9":0,"10":0,"11":0,"12":0,"13":0,"14":0,"15":0,"16":0,"17":0,"18":0,"19":0,"20":0,"21":0,"22":0,"23":0,"24":0,"25":0,"26":0,"27":0,"28":0,"29":0,"30":0,"31":0,"32":0,"33":0,"34":0,"35":0,"36":0,"37":0,"38":0,"39":0,"40":0,"41":0,"42":0,"43":0,"44":0,"45":0,"46":0,"47":0,"48":0,"49":0,"50":0,"51":0,"52":0,"53":0,"54":0,"55":0,"56":0,"57":0,"58":0,"59":0,"60":0,"61":0,"62":0,"63":0,"64":0,"65":0,"66":0,"67":0,"68":0,"69":0,"70":0,"71":0,"72":0,"73":0,"74":0,"75":0,"76":0,"77":0,"78":0,"79":0,"80":0,"81":0,"82":0,"83":0,"84":0,"85":0,"86":0,"87":0,"88":0,"89":0,"90":0,"91":0,"92":0,"93":0,"94":0,"95":0,"96":0,"97":0,"98":0,"99":0,"100":0,"101":0,"102":0,"103":0,"104":0,"105":0,"106":0,"107":0,"108":0,"109":0,"110":0,"111":0,"112":0,"113":0,"114":0,"115":0,"116":0,"117":0,"118":0,"119":0,"120":0,"121":0,"122":0,"123":0,"124":0,"125":0,"126":0,"127":0,"128":0,"129":0,"130":0,"131":0},"f":{"0":0,"1":0,"2":0,"3":0,"4":0,"5":0,"6":0,"7":0,"8":0,"9":0,"10":0,"11":0,"12":0,"13":0,"14":0,"15":0,"16":0,"17":0,"18":0,"19":0,"20":0,"21":0},"b":{"0":[0,0],"1":[0,0],"2":[0,0],"3":[0,0],"4":[0,0],"5":[0,0],"6":[0,0],"7":[0,0],"8":[0,0],"9":[0,0,0,0],"10":[0,0],"11":[0,0],"12":[0,0],"13":[0,0],"14":[0,0],"15":[0,0],"16":[0,0],"17":[0,0],"18":[0,0],"19":[0,0],"20":[0,0],"21":[0,0],"22":[0,0],"23":[0,0],"24":[0,0],"25":[0,0],"26":[0,0],"27":[0,0],"28":[0,0],"29":[0,0],"30":[0,0],"31":[0,0],"32":[0,0],"33":[0,0],"34":[0,0]}}
,"C:\\Users\\Roble\\Desktop\\3rd Year College\\softwareEngineering\\typescript\\src\\Graph.ts": {"path":"C:\\Users\\Roble\\Desktop\\3rd Year College\\softwareEngineering\\typescript\\src\\Graph.ts","statementMap":{"0":{"start":{"line":2,"column":0},"end":{"line":2,"column":33}},"1":{"start":{"line":12,"column":0},"end":{"line":93,"column":0}},"2":{"start":{"line":23,"column":2},"end":{"line":23,"column":22}},"3":{"start":{"line":24,"column":2},"end":{"line":24,"column":19}},"4":{"start":{"line":28,"column":1},"end":{"line":28,"column":59}},"5":{"start":{"line":28,"column":35},"end":{"line":28,"column":57}},"6":{"start":{"line":31,"column":1},"end":{"line":31,"column":51}},"7":{"start":{"line":31,"column":30},"end":{"line":31,"column":49}},"8":{"start":{"line":36,"column":1},"end":{"line":44,"column":2}},"9":{"start":{"line":36,"column":11},"end":{"line":36,"column":30}},"10":{"start":{"line":36,"column":11},"end":{"line":36,"column":31}},"11":{"start":{"line":37,"column":12},"end":{"line":37,"column":45}},"12":{"start":{"line":38,"column":2},"end":{"line":38,"column":65}},"13":{"start":{"line":39,"column":2},"end":{"line":39,"column":25}},"14":{"start":{"line":40,"column":2},"end":{"line":42,"column":3}},"15":{"start":{"line":40,"column":12},"end":{"line":40,"column":11}},"16":{"start":{"line":41,"column":3},"end":{"line":41,"column":56}},"17":{"start":{"line":43,"column":2},"end":{"line":43,"column":11}},"18":{"start":{"line":49,"column":1},"end":{"line":58,"column":2}},"19":{"start":{"line":50,"column":27},"end":{"line":50,"column":55}},"20":{"start":{"line":51,"column":13},"end":{"line":51,"column":66}},"21":{"start":{"line":51,"column":18},"end":{"line":51,"column":66}},"22":{"start":{"line":52,"column":2},"end":{"line":54,"column":3}},"23":{"start":{"line":53,"column":3},"end":{"line":53,"column":76}},"24":{"start":{"line":55,"column":12},"end":{"line":55,"column":53}},"25":{"start":{"line":56,"column":2},"end":{"line":56,"column":22}},"26":{"start":{"line":57,"column":2},"end":{"line":57,"column":11}},"27":{"start":{"line":63,"column":1},"end":{"line":67,"column":2}},"28":{"start":{"line":64,"column":2},"end":{"line":66,"column":9}},"29":{"start":{"line":65,"column":3},"end":{"line":65,"column":53}},"30":{"start":{"line":72,"column":9},"end":{"line":74,"column":2}},"31":{"start":{"line":73,"column":2},"end":{"line":73,"column":57}},"32":{"start":{"line":79,"column":8},"end":{"line":83,"column":2}},"33":{"start":{"line":80,"column":2},"end":{"line":82,"column":3}},"34":{"start":{"line":81,"column":3},"end":{"line":81,"column":50}},"35":{"start":{"line":88,"column":8},"end":{"line":91,"column":2}},"36":{"start":{"line":89,"column":2},"end":{"line":89,"column":22}},"37":{"start":{"line":90,"column":2},"end":{"line":90,"column":19}},"38":{"start":{"line":93,"column":0},"end":{"line":93,"column":1}},"39":{"start":{"line":12,"column":13},"end":{"line":12,"column":18}}},"fnMap":{"0":{"name":"(anonymous_0)","decl":{"start":{"line":12,"column":0},"end":{"line":null,"column":-1}},"loc":{"start":{"line":12,"column":0},"end":{"line":12,"column":-1}}},"1":{"name":"Graph","decl":{"start":{"line":22,"column":1},"end":{"line":null,"column":-1}},"loc":{"start":{"line":22,"column":1},"end":{"line":25,"column":2}}},"2":{"name":"(anonymous_2)","decl":{"start":{"line":28,"column":1},"end":{"line":28,"column":34}},"loc":{"start":{"line":28,"column":1},"end":{"line":28,"column":59}}},"3":{"name":"(anonymous_3)","decl":{"start":{"line":31,"column":1},"end":{"line":31,"column":29}},"loc":{"start":{"line":31,"column":1},"end":{"line":31,"column":51}}},"4":{"name":"(anonymous_4)","decl":{"start":{"line":36,"column":1},"end":{"line":null,"column":-1}},"loc":{"start":{"line":36,"column":1},"end":{"line":44,"column":2}}},"5":{"name":"(anonymous_5)","decl":{"start":{"line":49,"column":1},"end":{"line":49,"column":8}},"loc":{"start":{"line":49,"column":36},"end":{"line":58,"column":2}}},"6":{"name":"(anonymous_6)","decl":{"start":{"line":51,"column":13},"end":{"line":51,"column":12}},"loc":{"start":{"line":51,"column":14},"end":{"line":51,"column":66}}},"7":{"name":"(anonymous_7)","decl":{"start":{"line":63,"column":1},"end":{"line":null,"column":-1}},"loc":{"start":{"line":63,"column":1},"end":{"line":67,"column":2}}},"8":{"name":"(anonymous_8)","decl":{"start":{"line":64,"column":31},"end":{"line":64,"column":31}},"loc":{"start":{"line":64,"column":62},"end":{"line":66,"column":3}}},"9":{"name":"(anonymous_9)","decl":{"start":{"line":72,"column":1},"end":{"line":72,"column":18}},"loc":{"start":{"line":72,"column":62},"end":{"line":74,"column":2}}},"10":{"name":"(anonymous_10)","decl":{"start":{"line":79,"column":1},"end":{"line":79,"column":16}},"loc":{"start":{"line":79,"column":38},"end":{"line":83,"column":2}}},"11":{"name":"(anonymous_11)","decl":{"start":{"line":88,"column":1},"end":{"line":null,"column":-1}},"loc":{"start":{"line":88,"column":1},"end":{"line":91,"column":2}}}},"branchMap":{"0":{"loc":{"start":{"line":38,"column":2},"end":{"line":38,"column":23}},"type":"binary-expr","locations":[{"start":{"line":38,"column":2},"end":{"line":38,"column":23}},{"start":{"line":38,"column":27},"end":{"line":38,"column":64}}]},"1":{"loc":{"start":{"line":51,"column":18},"end":{"line":51,"column":37}},"type":"binary-expr","locations":[{"start":{"line":51,"column":18},"end":{"line":51,"column":37}},{"start":{"line":51,"column":41},"end":{"line":51,"column":66}}]},"2":{"loc":{"start":{"line":52,"column":2},"end":{"line":54,"column":3}},"type":"if","locations":[{"start":{"line":52,"column":2},"end":{"line":54,"column":3}},{"start":{"line":52,"column":2},"end":{"line":54,"column":3}}]},"3":{"loc":{"start":{"line":73,"column":2},"end":{"line":73,"column":11}},"type":"binary-expr","locations":[{"start":{"line":73,"column":2},"end":{"line":73,"column":11}},{"start":{"line":73,"column":15},"end":{"line":73,"column":21}},{"start":{"line":73,"column":25},"end":{"line":73,"column":56}}]},"4":{"loc":{"start":{"line":80,"column":2},"end":{"line":82,"column":3}},"type":"if","locations":[{"start":{"line":80,"column":2},"end":{"line":82,"column":3}},{"start":{"line":80,"column":2},"end":{"line":82,"column":3}}]}},"s":{"0":0,"1":0,"2":0,"3":0,"4":0,"5":0,"6":0,"7":0,"8":0,"9":0,"10":0,"11":0,"12":0,"13":0,"14":0,"15":0,"16":0,"17":0,"18":0,"19":0,"20":0,"21":0,"22":0,"23":0,"24":0,"25":0,"26":0,"27":0,"28":0,"29":0,"30":0,"31":0,"32":0,"33":0,"34":0,"35":0,"36":0,"37":0,"38":0,"39":0},"f":{"0":0,"1":0,"2":0,"3":0,"4":0,"5":0,"6":0,"7":0,"8":0,"9":0,"10":0,"11":0},"b":{"0":[0,0],"1":[0,0],"2":[0,0],"3":[0,0,0],"4":[0,0]}}
,"C:\\Users\\Roble\\Desktop\\3rd Year College\\softwareEngineering\\typescript\\src\\Vertex.ts": {"path":"C:\\Users\\Roble\\Desktop\\3rd Year College\\softwareEngineering\\typescript\\src\\Vertex.ts","statementMap":{"0":{"start":{"line":6,"column":0},"end":{"line":264,"column":0}},"1":{"start":{"line":37,"column":13},"end":{"line":37,"column":27}},"2":{"start":{"line":10,"column":9},"end":{"line":10,"column":30}},"3":{"start":{"line":11,"column":9},"end":{"line":11,"column":34}},"4":{"start":{"line":13,"column":9},"end":{"line":13,"column":31}},"5":{"start":{"line":14,"column":9},"end":{"line":14,"column":33}},"6":{"start":{"line":38,"column":2},"end":{"line":38,"column":16}},"7":{"start":{"line":20,"column":8},"end":{"line":23,"column":2}},"8":{"start":{"line":21,"column":2},"end":{"line":21,"column":24}},"9":{"start":{"line":22,"column":2},"end":{"line":22,"column":28}},"10":{"start":{"line":29,"column":8},"end":{"line":32,"column":2}},"11":{"start":{"line":30,"column":2},"end":{"line":30,"column":22}},"12":{"start":{"line":31,"column":2},"end":{"line":31,"column":26}},"13":{"start":{"line":45,"column":1},"end":{"line":47,"column":2}},"14":{"start":{"line":46,"column":2},"end":{"line":46,"column":18}},"15":{"start":{"line":50,"column":1},"end":{"line":50,"column":48}},"16":{"start":{"line":50,"column":25},"end":{"line":50,"column":46}},"17":{"start":{"line":53,"column":1},"end":{"line":53,"column":52}},"18":{"start":{"line":53,"column":27},"end":{"line":53,"column":50}},"19":{"start":{"line":56,"column":1},"end":{"line":58,"column":2}},"20":{"start":{"line":57,"column":2},"end":{"line":57,"column":54}},"21":{"start":{"line":61,"column":1},"end":{"line":68,"column":2}},"22":{"start":{"line":62,"column":2},"end":{"line":67,"column":3}},"23":{"start":{"line":63,"column":3},"end":{"line":63,"column":55}},"24":{"start":{"line":66,"column":3},"end":{"line":66,"column":13}},"25":{"start":{"line":71,"column":1},"end":{"line":73,"column":2}},"26":{"start":{"line":72,"column":2},"end":{"line":72,"column":24}},"27":{"start":{"line":76,"column":1},"end":{"line":78,"column":2}},"28":{"start":{"line":77,"column":2},"end":{"line":77,"column":20}},"29":{"start":{"line":83,"column":1},"end":{"line":90,"column":2}},"30":{"start":{"line":84,"column":2},"end":{"line":89,"column":3}},"31":{"start":{"line":85,"column":3},"end":{"line":85,"column":46}},"32":{"start":{"line":88,"column":3},"end":{"line":88,"column":13}},"33":{"start":{"line":93,"column":1},"end":{"line":95,"column":2}},"34":{"start":{"line":94,"column":2},"end":{"line":94,"column":45}},"35":{"start":{"line":100,"column":1},"end":{"line":104,"column":2}},"36":{"start":{"line":101,"column":2},"end":{"line":101,"column":42}},"37":{"start":{"line":102,"column":2},"end":{"line":102,"column":22}},"38":{"start":{"line":103,"column":2},"end":{"line":103,"column":14}},"39":{"start":{"line":110,"column":1},"end":{"line":116,"column":2}},"40":{"start":{"line":111,"column":19},"end":{"line":111,"column":33}},"41":{"start":{"line":112,"column":2},"end":{"line":112,"column":44}},"42":{"start":{"line":113,"column":2},"end":{"line":113,"column":32}},"43":{"start":{"line":114,"column":2},"end":{"line":114,"column":28}},"44":{"start":{"line":115,"column":2},"end":{"line":115,"column":16}},"45":{"start":{"line":122,"column":1},"end":{"line":128,"column":2}},"46":{"start":{"line":123,"column":15},"end":{"line":123,"column":25}},"47":{"start":{"line":124,"column":2},"end":{"line":124,"column":44}},"48":{"start":{"line":125,"column":2},"end":{"line":125,"column":28}},"49":{"start":{"line":126,"column":2},"end":{"line":126,"column":28}},"50":{"start":{"line":127,"column":2},"end":{"line":127,"column":16}},"51":{"start":{"line":134,"column":1},"end":{"line":136,"column":2}},"52":{"start":{"line":135,"column":2},"end":{"line":135,"column":78}},"53":{"start":{"line":142,"column":1},"end":{"line":144,"column":2}},"54":{"start":{"line":143,"column":2},"end":{"line":143,"column":89}},"55":{"start":{"line":149,"column":1},"end":{"line":151,"column":2}},"56":{"start":{"line":150,"column":2},"end":{"line":150,"column":39}},"57":{"start":{"line":150,"column":32},"end":{"line":150,"column":37}},"58":{"start":{"line":156,"column":1},"end":{"line":160,"column":2}},"59":{"start":{"line":157,"column":2},"end":{"line":159,"column":9}},"60":{"start":{"line":158,"column":3},"end":{"line":158,"column":51}},"61":{"start":{"line":165,"column":1},"end":{"line":171,"column":2}},"62":{"start":{"line":166,"column":2},"end":{"line":168,"column":3}},"63":{"start":{"line":167,"column":3},"end":{"line":167,"column":16}},"64":{"start":{"line":169,"column":13},"end":{"line":169,"column":40}},"65":{"start":{"line":169,"column":28},"end":{"line":169,"column":40}},"66":{"start":{"line":170,"column":2},"end":{"line":170,"column":37}},"67":{"start":{"line":176,"column":1},"end":{"line":178,"column":2}},"68":{"start":{"line":177,"column":2},"end":{"line":177,"column":44}},"69":{"start":{"line":177,"column":34},"end":{"line":177,"column":42}},"70":{"start":{"line":183,"column":1},"end":{"line":187,"column":2}},"71":{"start":{"line":184,"column":2},"end":{"line":186,"column":9}},"72":{"start":{"line":185,"column":3},"end":{"line":185,"column":51}},"73":{"start":{"line":192,"column":1},"end":{"line":198,"column":2}},"74":{"start":{"line":193,"column":2},"end":{"line":195,"column":3}},"75":{"start":{"line":194,"column":3},"end":{"line":194,"column":16}},"76":{"start":{"line":196,"column":13},"end":{"line":196,"column":40}},"77":{"start":{"line":196,"column":28},"end":{"line":196,"column":40}},"78":{"start":{"line":197,"column":2},"end":{"line":197,"column":37}},"79":{"start":{"line":204,"column":1},"end":{"line":219,"column":2}},"80":{"start":{"line":204,"column":27},"end":{"line":204,"column":41}},"81":{"start":{"line":205,"column":2},"end":{"line":209,"column":3}},"82":{"start":{"line":205,"column":12},"end":{"line":205,"column":11}},"83":{"start":{"line":206,"column":3},"end":{"line":208,"column":4}},"84":{"start":{"line":207,"column":4},"end":{"line":207,"column":59}},"85":{"start":{"line":210,"column":18},"end":{"line":215,"column":3}},"86":{"start":{"line":216,"column":2},"end":{"line":216,"column":26}},"87":{"start":{"line":217,"column":2},"end":{"line":217,"column":26}},"88":{"start":{"line":218,"column":2},"end":{"line":218,"column":11}},"89":{"start":{"line":225,"column":1},"end":{"line":235,"column":2}},"90":{"start":{"line":226,"column":2},"end":{"line":230,"column":3}},"91":{"start":{"line":226,"column":12},"end":{"line":226,"column":11}},"92":{"start":{"line":227,"column":3},"end":{"line":229,"column":4}},"93":{"start":{"line":228,"column":4},"end":{"line":228,"column":32}},"94":{"start":{"line":231,"column":2},"end":{"line":233,"column":3}},"95":{"start":{"line":231,"column":12},"end":{"line":231,"column":11}},"96":{"start":{"line":232,"column":3},"end":{"line":232,"column":14}},"97":{"start":{"line":234,"column":2},"end":{"line":234,"column":14}},"98":{"start":{"line":241,"column":1},"end":{"line":255,"column":2}},"99":{"start":{"line":241,"column":1},"end":{"line":255,"column":1}},"100":{"start":{"line":242,"column":30},"end":{"line":242,"column":32}},"101":{"start":{"line":243,"column":22},"end":{"line":243,"column":78}},"102":{"start":{"line":243,"column":37},"end":{"line":243,"column":78}},"103":{"start":{"line":243,"column":63},"end":{"line":243,"column":77}},"104":{"start":{"line":244,"column":16},"end":{"line":244,"column":26}},"105":{"start":{"line":245,"column":2},"end":{"line":253,"column":3}},"106":{"start":{"line":246,"column":3},"end":{"line":251,"column":4}},"107":{"start":{"line":247,"column":4},"end":{"line":250,"column":7}},"108":{"start":{"line":252,"column":3},"end":{"line":252,"column":26}},"109":{"start":{"line":254,"column":2},"end":{"line":254,"column":16}},"110":{"start":{"line":260,"column":1},"end":{"line":262,"column":2}},"111":{"start":{"line":261,"column":2},"end":{"line":261,"column":29}},"112":{"start":{"line":264,"column":0},"end":{"line":264,"column":1}},"113":{"start":{"line":6,"column":13},"end":{"line":6,"column":19}}},"fnMap":{"0":{"name":"(anonymous_0)","decl":{"start":{"line":6,"column":0},"end":{"line":null,"column":-1}},"loc":{"start":{"line":6,"column":0},"end":{"line":6,"column":-1}}},"1":{"name":"Vertex","decl":{"start":{"line":37,"column":1},"end":{"line":37,"column":12}},"loc":{"start":{"line":37,"column":27},"end":{"line":39,"column":2}}},"2":{"name":"(anonymous_2)","decl":{"start":{"line":20,"column":1},"end":{"line":20,"column":12}},"loc":{"start":{"line":20,"column":35},"end":{"line":23,"column":2}}},"3":{"name":"(anonymous_3)","decl":{"start":{"line":29,"column":1},"end":{"line":29,"column":14}},"loc":{"start":{"line":29,"column":29},"end":{"line":32,"column":2}}},"4":{"name":"(anonymous_4)","decl":{"start":{"line":45,"column":1},"end":{"line":null,"column":-1}},"loc":{"start":{"line":45,"column":1},"end":{"line":47,"column":2}}},"5":{"name":"(anonymous_5)","decl":{"start":{"line":50,"column":1},"end":{"line":50,"column":24}},"loc":{"start":{"line":50,"column":1},"end":{"line":50,"column":48}}},"6":{"name":"(anonymous_6)","decl":{"start":{"line":53,"column":1},"end":{"line":53,"column":26}},"loc":{"start":{"line":53,"column":1},"end":{"line":53,"column":52}}},"7":{"name":"(anonymous_7)","decl":{"start":{"line":56,"column":1},"end":{"line":null,"column":-1}},"loc":{"start":{"line":56,"column":1},"end":{"line":58,"column":2}}},"8":{"name":"(anonymous_8)","decl":{"start":{"line":61,"column":1},"end":{"line":null,"column":-1}},"loc":{"start":{"line":61,"column":1},"end":{"line":68,"column":2}}},"9":{"name":"(anonymous_9)","decl":{"start":{"line":71,"column":1},"end":{"line":null,"column":-1}},"loc":{"start":{"line":71,"column":1},"end":{"line":73,"column":2}}},"10":{"name":"(anonymous_10)","decl":{"start":{"line":76,"column":1},"end":{"line":null,"column":-1}},"loc":{"start":{"line":76,"column":1},"end":{"line":78,"column":2}}},"11":{"name":"(anonymous_11)","decl":{"start":{"line":83,"column":1},"end":{"line":null,"column":-1}},"loc":{"start":{"line":83,"column":1},"end":{"line":90,"column":2}}},"12":{"name":"(anonymous_12)","decl":{"start":{"line":93,"column":1},"end":{"line":null,"column":-1}},"loc":{"start":{"line":93,"column":1},"end":{"line":95,"column":2}}},"13":{"name":"(anonymous_13)","decl":{"start":{"line":100,"column":1},"end":{"line":null,"column":-1}},"loc":{"start":{"line":100,"column":1},"end":{"line":104,"column":2}}},"14":{"name":"(anonymous_14)","decl":{"start":{"line":110,"column":1},"end":{"line":110,"column":13}},"loc":{"start":{"line":110,"column":28},"end":{"line":116,"column":2}}},"15":{"name":"(anonymous_15)","decl":{"start":{"line":122,"column":1},"end":{"line":122,"column":12}},"loc":{"start":{"line":122,"column":27},"end":{"line":128,"column":2}}},"16":{"name":"(anonymous_16)","decl":{"start":{"line":134,"column":1},"end":{"line":134,"column":9}},"loc":{"start":{"line":134,"column":24},"end":{"line":136,"column":2}}},"17":{"name":"(anonymous_17)","decl":{"start":{"line":142,"column":1},"end":{"line":142,"column":8}},"loc":{"start":{"line":142,"column":23},"end":{"line":144,"column":2}}},"18":{"name":"(anonymous_18)","decl":{"start":{"line":149,"column":1},"end":{"line":null,"column":-1}},"loc":{"start":{"line":149,"column":1},"end":{"line":151,"column":2}}},"19":{"name":"(anonymous_19)","decl":{"start":{"line":150,"column":27},"end":{"line":150,"column":26}},"loc":{"start":{"line":150,"column":28},"end":{"line":150,"column":37}}},"20":{"name":"(anonymous_20)","decl":{"start":{"line":156,"column":1},"end":{"line":null,"column":-1}},"loc":{"start":{"line":156,"column":1},"end":{"line":160,"column":2}}},"21":{"name":"(anonymous_21)","decl":{"start":{"line":157,"column":37},"end":{"line":157,"column":37}},"loc":{"start":{"line":157,"column":47},"end":{"line":159,"column":3}}},"22":{"name":"(anonymous_22)","decl":{"start":{"line":165,"column":1},"end":{"line":165,"column":8}},"loc":{"start":{"line":165,"column":23},"end":{"line":171,"column":2}}},"23":{"name":"(anonymous_23)","decl":{"start":{"line":169,"column":13},"end":{"line":169,"column":13}},"loc":{"start":{"line":169,"column":23},"end":{"line":169,"column":40}}},"24":{"name":"(anonymous_24)","decl":{"start":{"line":176,"column":1},"end":{"line":null,"column":-1}},"loc":{"start":{"line":176,"column":1},"end":{"line":178,"column":2}}},"25":{"name":"(anonymous_25)","decl":{"start":{"line":177,"column":29},"end":{"line":177,"column":28}},"loc":{"start":{"line":177,"column":30},"end":{"line":177,"column":42}}},"26":{"name":"(anonymous_26)","decl":{"start":{"line":183,"column":1},"end":{"line":null,"column":-1}},"loc":{"start":{"line":183,"column":1},"end":{"line":187,"column":2}}},"27":{"name":"(anonymous_27)","decl":{"start":{"line":184,"column":37},"end":{"line":184,"column":37}},"loc":{"start":{"line":184,"column":47},"end":{"line":186,"column":3}}},"28":{"name":"(anonymous_28)","decl":{"start":{"line":192,"column":1},"end":{"line":192,"column":8}},"loc":{"start":{"line":192,"column":23},"end":{"line":198,"column":2}}},"29":{"name":"(anonymous_29)","decl":{"start":{"line":196,"column":13},"end":{"line":196,"column":13}},"loc":{"start":{"line":196,"column":23},"end":{"line":196,"column":40}}},"30":{"name":"(anonymous_30)","decl":{"start":{"line":204,"column":1},"end":{"line":204,"column":10}},"loc":{"start":{"line":204,"column":41},"end":{"line":219,"column":2}}},"31":{"name":"(anonymous_31)","decl":{"start":{"line":225,"column":1},"end":{"line":null,"column":-1}},"loc":{"start":{"line":225,"column":1},"end":{"line":235,"column":2}}},"32":{"name":"(anonymous_32)","decl":{"start":{"line":241,"column":1},"end":{"line":null,"column":-1}},"loc":{"start":{"line":241,"column":1},"end":{"line":255,"column":2}}},"33":{"name":"(anonymous_33)","decl":{"start":{"line":243,"column":22},"end":{"line":243,"column":22}},"loc":{"start":{"line":243,"column":32},"end":{"line":243,"column":78}}},"34":{"name":"(anonymous_34)","decl":{"start":{"line":243,"column":58},"end":{"line":243,"column":57}},"loc":{"start":{"line":243,"column":59},"end":{"line":243,"column":77}}},"35":{"name":"(anonymous_35)","decl":{"start":{"line":260,"column":1},"end":{"line":null,"column":-1}},"loc":{"start":{"line":260,"column":1},"end":{"line":262,"column":2}}}},"branchMap":{"0":{"loc":{"start":{"line":37,"column":13},"end":{"line":37,"column":27}},"type":"if","locations":[{"start":{"line":37,"column":13},"end":{"line":37,"column":27}},{"start":{"line":37,"column":13},"end":{"line":37,"column":27}}]},"1":{"loc":{"start":{"line":21,"column":2},"end":{"line":21,"column":4}},"type":"binary-expr","locations":[{"start":{"line":21,"column":2},"end":{"line":21,"column":4}},{"start":{"line":21,"column":9},"end":{"line":21,"column":22}}]},"2":{"loc":{"start":{"line":22,"column":2},"end":{"line":22,"column":4}},"type":"binary-expr","locations":[{"start":{"line":22,"column":2},"end":{"line":22,"column":4}},{"start":{"line":22,"column":9},"end":{"line":22,"column":26}}]},"3":{"loc":{"start":{"line":57,"column":26},"end":{"line":57,"column":46}},"type":"cond-expr","locations":[{"start":{"line":57,"column":26},"end":{"line":57,"column":46}},{"start":{"line":57,"column":49},"end":{"line":57,"column":53}}]},"4":{"loc":{"start":{"line":62,"column":2},"end":{"line":67,"column":3}},"type":"if","locations":[{"start":{"line":62,"column":2},"end":{"line":67,"column":3}},{"start":{"line":62,"column":2},"end":{"line":67,"column":3}}]},"5":{"loc":{"start":{"line":84,"column":2},"end":{"line":89,"column":3}},"type":"if","locations":[{"start":{"line":84,"column":2},"end":{"line":89,"column":3}},{"start":{"line":84,"column":2},"end":{"line":89,"column":3}}]},"6":{"loc":{"start":{"line":94,"column":22},"end":{"line":94,"column":37}},"type":"cond-expr","locations":[{"start":{"line":94,"column":22},"end":{"line":94,"column":37}},{"start":{"line":94,"column":40},"end":{"line":94,"column":44}}]},"7":{"loc":{"start":{"line":135,"column":9},"end":{"line":135,"column":19}},"type":"binary-expr","locations":[{"start":{"line":135,"column":9},"end":{"line":135,"column":19}},{"start":{"line":135,"column":24},"end":{"line":135,"column":45}},{"start":{"line":135,"column":49},"end":{"line":135,"column":76}}]},"8":{"loc":{"start":{"line":143,"column":9},"end":{"line":143,"column":23}},"type":"binary-expr","locations":[{"start":{"line":143,"column":9},"end":{"line":143,"column":23}},{"start":{"line":143,"column":28},"end":{"line":143,"column":53}},{"start":{"line":143,"column":57},"end":{"line":143,"column":87}}]},"9":{"loc":{"start":{"line":166,"column":2},"end":{"line":168,"column":3}},"type":"if","locations":[{"start":{"line":166,"column":2},"end":{"line":168,"column":3}},{"start":{"line":166,"column":2},"end":{"line":168,"column":3}}]},"10":{"loc":{"start":{"line":193,"column":2},"end":{"line":195,"column":3}},"type":"if","locations":[{"start":{"line":193,"column":2},"end":{"line":195,"column":3}},{"start":{"line":193,"column":2},"end":{"line":195,"column":3}}]},"11":{"loc":{"start":{"line":204,"column":27},"end":{"line":204,"column":41}},"type":"if","locations":[{"start":{"line":204,"column":27},"end":{"line":204,"column":41}},{"start":{"line":204,"column":27},"end":{"line":204,"column":41}}]},"12":{"loc":{"start":{"line":206,"column":3},"end":{"line":208,"column":4}},"type":"if","locations":[{"start":{"line":206,"column":3},"end":{"line":208,"column":4}},{"start":{"line":206,"column":3},"end":{"line":208,"column":4}}]},"13":{"loc":{"start":{"line":227,"column":3},"end":{"line":229,"column":4}},"type":"if","locations":[{"start":{"line":227,"column":3},"end":{"line":229,"column":4}},{"start":{"line":227,"column":3},"end":{"line":229,"column":4}}]},"14":{"loc":{"start":{"line":246,"column":3},"end":{"line":251,"column":4}},"type":"if","locations":[{"start":{"line":246,"column":3},"end":{"line":251,"column":4}},{"start":{"line":246,"column":3},"end":{"line":251,"column":4}}]},"15":{"loc":{"start":{"line":246,"column":7},"end":{"line":246,"column":23}},"type":"binary-expr","locations":[{"start":{"line":246,"column":7},"end":{"line":246,"column":23}},{"start":{"line":246,"column":27},"end":{"line":246,"column":49}},{"start":{"line":246,"column":53},"end":{"line":246,"column":74}}]}},"s":{"0":1,"1":15,"2":13,"3":13,"4":13,"5":13,"6":13,"7":1,"8":5,"9":5,"10":1,"11":1,"12":1,"13":1,"14":2,"15":1,"16":0,"17":1,"18":0,"19":1,"20":0,"21":1,"22":0,"23":0,"24":0,"25":1,"26":3,"27":1,"28":4,"29":1,"30":0,"31":0,"32":0,"33":1,"34":0,"35":1,"36":0,"37":0,"38":0,"39":1,"40":0,"41":0,"42":0,"43":0,"44":0,"45":1,"46":0,"47":0,"48":0,"49":0,"50":0,"51":1,"52":0,"53":1,"54":0,"55":1,"56":0,"57":0,"58":1,"59":0,"60":0,"61":1,"62":0,"63":0,"64":0,"65":0,"66":0,"67":1,"68":0,"69":0,"70":1,"71":0,"72":0,"73":1,"74":0,"75":0,"76":0,"77":0,"78":0,"79":1,"80":0,"81":0,"82":0,"83":0,"84":0,"85":0,"86":0,"87":0,"88":0,"89":1,"90":0,"91":0,"92":0,"93":0,"94":0,"95":0,"96":0,"97":0,"98":1,"99":0,"100":0,"101":0,"102":0,"103":0,"104":0,"105":0,"106":0,"107":0,"108":0,"109":0,"110":1,"111":0,"112":1,"113":1},"f":{"0":1,"1":13,"2":5,"3":1,"4":2,"5":0,"6":0,"7":0,"8":0,"9":3,"10":4,"11":0,"12":0,"13":0,"14":0,"15":0,"16":0,"17":0,"18":0,"19":0,"20":0,"21":0,"22":0,"23":0,"24":0,"25":0,"26":0,"27":0,"28":0,"29":0,"30":0,"31":0,"32":0,"33":0,"34":0,"35":0},"b":{"0":[2,11],"1":[5,4],"2":[5,4],"3":[0,0],"4":[0,0],"5":[0,0],"6":[0,0],"7":[0,0,0],"8":[0,0,0],"9":[0,0],"10":[0,0],"11":[0,0],"12":[0,0],"13":[0,0],"14":[0,0],"15":[0,0,0]}}
,"C:\\Users\\Roble\\Desktop\\3rd Year College\\softwareEngineering\\typescript\\src\\util.ts": {"path":"C:\\Users\\Roble\\Desktop\\3rd Year College\\softwareEngineering\\typescript\\src\\util.ts","statementMap":{"0":{"start":{"line":30,"column":4},"end":{"line":36,"column":5}},"1":{"start":{"line":31,"column":8},"end":{"line":31,"column":18}},"2":{"start":{"line":32,"column":11},"end":{"line":36,"column":5}},"3":{"start":{"line":33,"column":8},"end":{"line":33,"column":17}},"4":{"start":{"line":35,"column":8},"end":{"line":35,"column":17}},"5":{"start":{"line":29,"column":0},"end":{"line":37,"column":1}},"6":{"start":{"line":44,"column":4},"end":{"line":44,"column":40}},"7":{"start":{"line":43,"column":0},"end":{"line":45,"column":1}}},"fnMap":{"0":{"name":"defaultCompare","decl":{"start":{"line":29,"column":16},"end":{"line":29,"column":30}},"loc":{"start":{"line":29,"column":44},"end":{"line":37,"column":1}}},"1":{"name":"isUndefined","decl":{"start":{"line":43,"column":16},"end":{"line":43,"column":27}},"loc":{"start":{"line":43,"column":36},"end":{"line":45,"column":1}}}},"branchMap":{"0":{"loc":{"start":{"line":30,"column":4},"end":{"line":36,"column":5}},"type":"if","locations":[{"start":{"line":30,"column":4},"end":{"line":36,"column":5}},{"start":{"line":30,"column":4},"end":{"line":36,"column":5}}]},"1":{"loc":{"start":{"line":32,"column":11},"end":{"line":36,"column":5}},"type":"if","locations":[{"start":{"line":32,"column":11},"end":{"line":36,"column":5}},{"start":{"line":32,"column":11},"end":{"line":36,"column":5}}]}},"s":{"0":0,"1":0,"2":0,"3":0,"4":0,"5":0,"6":0,"7":0},"f":{"0":0,"1":0},"b":{"0":[0,0],"1":[0,0]}}
}
